[INFO] Scanning for projects...
[INFO]
[INFO] ----------------< io.github.uwol:computational-economy >----------------
[INFO] Building computational-economy 1.0
[INFO]   from pom.xml
[INFO] --------------------------------[ jar ]---------------------------------
[INFO]
[INFO] --- resources:3.3.1:resources (default-resources) @ computational-economy ---
[INFO] Copying 4 resources from src/main/resources to target/classes
[INFO]
[INFO] --- compiler:3.13.0:compile (default-compile) @ computational-economy ---
[INFO] Nothing to compile - all classes are up to date.
[INFO]
[INFO] --- resources:3.3.1:testResources (default-testResources) @ computational-economy ---
[INFO] Copying 1 resource from src/test/resources to target/test-classes
[INFO]
[INFO] --- compiler:3.13.0:testCompile (default-testCompile) @ computational-economy ---
[INFO] Recompiling the module because of changed source code.
[INFO] Compiling 21 source files with javac [debug target 17] to target/test-classes
[INFO] -------------------------------------------------------------
[WARNING] COMPILATION WARNING :
[INFO] -------------------------------------------------------------
[WARNING] system modules path not set in conjunction with -source 17
[INFO] 1 warning
[INFO] -------------------------------------------------------------
[INFO] -------------------------------------------------------------
[ERROR] COMPILATION ERROR :
[INFO] -------------------------------------------------------------
[ERROR] /app/src/test/java/io/github/uwol/compecon/CompEconTestSupport.java:[111,75] cannot find symbol
  symbol:   method findCentralBank(io.github.uwol.compecon.economy.sectors.financial.Currency)
  location: interface io.github.uwol.compecon.engine.service.AgentService
[ERROR] /app/src/test/java/io/github/uwol/compecon/engine/service/AgentServiceTest.java:[55,96] cannot find symbol
  symbol:   method findCentralBank(io.github.uwol.compecon.economy.sectors.financial.Currency)
  location: interface io.github.uwol.compecon.engine.service.AgentService
[INFO] 2 errors
[INFO] -------------------------------------------------------------
[INFO] ------------------------------------------------------------------------
[INFO] BUILD FAILURE
[INFO] ------------------------------------------------------------------------
[INFO] Total time:  1.906 s
[INFO] Finished at: 2026-05-14T18:59:11Z
[INFO] ------------------------------------------------------------------------
[ERROR] Failed to execute goal org.apache.maven.plugins:maven-compiler-plugin:3.13.0:testCompile (default-testCompile) on project computational-economy: Compilation failure: Compilation failure:
[ERROR] /app/src/test/java/io/github/uwol/compecon/CompEconTestSupport.java:[111,75] cannot find symbol
[ERROR]   symbol:   method findCentralBank(io.github.uwol.compecon.economy.sectors.financial.Currency)
[ERROR]   location: interface io.github.uwol.compecon.engine.service.AgentService
[ERROR] /app/src/test/java/io/github/uwol/compecon/engine/service/AgentServiceTest.java:[55,96] cannot find symbol
[ERROR]   symbol:   method findCentralBank(io.github.uwol.compecon.economy.sectors.financial.Currency)
[ERROR]   location: interface io.github.uwol.compecon.engine.service.AgentService
[ERROR] -> [Help 1]
[ERROR]
[ERROR] To see the full stack trace of the errors, re-run Maven with the -e switch.
[ERROR] Re-run Maven using the -X switch to enable full debug logging.
[ERROR]
[ERROR] For more information about the errors and possible solutions, please read the following articles:
[ERROR] [Help 1] http://cwiki.apache.org/confluence/display/MAVEN/MojoFailureException
